<?xml version="1.0" encoding="UTF-8"?>
<testng-results ignored="0" total="1" passed="1" failed="0" skipped="0">
  <reporter-output>
  </reporter-output>
  <suite started-at="2023-09-03T20:56:24 EET" name="Default suite" finished-at="2023-09-03T20:56:26 EET" duration-ms="1992">
    <groups>
    </groups>
    <test started-at="2023-09-03T20:56:24 EET" name="Default test" finished-at="2023-09-03T20:56:26 EET" duration-ms="1992">
      <class name="Test_one">
        <test-method is-config="true" signature="myBeforeTest()[pri:0, instance:Test_one@14bae047]" started-at="2023-09-03T20:56:24 EET" name="myBeforeTest" finished-at="2023-09-03T20:56:25 EET" duration-ms="1122" status="PASS">
          <reporter-output>
          </reporter-output>
        </test-method> <!-- myBeforeTest -->
        <test-method signature="myTestTwo()[pri:0, instance:Test_one@14bae047]" started-at="2023-09-03T20:56:25 EET" name="myTestTwo" finished-at="2023-09-03T20:56:26 EET" duration-ms="845" status="PASS">
          <reporter-output>
          </reporter-output>
        </test-method> <!-- myTestTwo -->
        <test-method is-config="true" signature="myAfterTest()[pri:0, instance:Test_one@14bae047]" started-at="2023-09-03T20:56:26 EET" name="myAfterTest" finished-at="2023-09-03T20:56:26 EET" duration-ms="0" status="PASS">
          <reporter-output>
          </reporter-output>
        </test-method> <!-- myAfterTest -->
      </class> <!-- Test_one -->
    </test> <!-- Default test -->
  </suite> <!-- Default suite -->
</testng-results>
